Generating index groups
                 :-) GROMACS - gmx make_ndx, VERSION 5.1.5 (-:

                            GROMACS is written by:
     Emile Apol      Rossen Apostolov  Herman J.C. Berendsen    Par Bjelkmar   
 Aldert van Buuren   Rudi van Drunen     Anton Feenstra   Sebastian Fritsch 
  Gerrit Groenhof   Christoph Junghans   Anca Hamuraru    Vincent Hindriksen
 Dimitrios Karkoulis    Peter Kasson        Jiri Kraus      Carsten Kutzner  
    Per Larsson      Justin A. Lemkul   Magnus Lundborg   Pieter Meulenhoff 
   Erik Marklund      Teemu Murtola       Szilard Pall       Sander Pronk   
   Roland Schulz     Alexey Shvetsov     Michael Shirts     Alfons Sijbers  
   Peter Tieleman    Teemu Virolainen  Christian Wennberg    Maarten Wolf   
                           and the project leaders:
        Mark Abraham, Berk Hess, Erik Lindahl, and David van der Spoel

Copyright (c) 1991-2000, University of Groningen, The Netherlands.
Copyright (c) 2001-2015, The GROMACS development team at
Uppsala University, Stockholm University and
the Royal Institute of Technology, Sweden.
check out http://www.gromacs.org for more information.

GROMACS is free software; you can redistribute it and/or modify it
under the terms of the GNU Lesser General Public License
as published by the Free Software Foundation; either version 2.1
of the License, or (at your option) any later version.

GROMACS:      gmx make_ndx, VERSION 5.1.5
Executable:   /usr/local/gromacs5-1-5/bin/gmx
Data prefix:  /usr/local/gromacs5-1-5
Command line:
  gmx make_ndx -f OUT/p15-t296/3-md.tpr -o indexrdf.ndx


-------------------------------------------------------
Program:     gmx make_ndx, VERSION 5.1.5
Source file: src/gromacs/commandline/cmdlineparser.cpp (line 234)
Function:    void gmx::CommandLineParser::parse(int*, char**)

Error in user input:
Invalid command-line options
  In command-line option -f
    File 'OUT/p15-t296/3-md.tpr' does not exist or is not accessible.

For more information and tips for troubleshooting, please check the GROMACS
website at http://www.gromacs.org/Documentation/Errors
-------------------------------------------------------
calculating radial distribution function
                    :-) GROMACS - gmx rdf, VERSION 5.1.5 (-:

                            GROMACS is written by:
     Emile Apol      Rossen Apostolov  Herman J.C. Berendsen    Par Bjelkmar   
 Aldert van Buuren   Rudi van Drunen     Anton Feenstra   Sebastian Fritsch 
  Gerrit Groenhof   Christoph Junghans   Anca Hamuraru    Vincent Hindriksen
 Dimitrios Karkoulis    Peter Kasson        Jiri Kraus      Carsten Kutzner  
    Per Larsson      Justin A. Lemkul   Magnus Lundborg   Pieter Meulenhoff 
   Erik Marklund      Teemu Murtola       Szilard Pall       Sander Pronk   
   Roland Schulz     Alexey Shvetsov     Michael Shirts     Alfons Sijbers  
   Peter Tieleman    Teemu Virolainen  Christian Wennberg    Maarten Wolf   
                           and the project leaders:
        Mark Abraham, Berk Hess, Erik Lindahl, and David van der Spoel

Copyright (c) 1991-2000, University of Groningen, The Netherlands.
Copyright (c) 2001-2015, The GROMACS development team at
Uppsala University, Stockholm University and
the Royal Institute of Technology, Sweden.
check out http://www.gromacs.org for more information.

GROMACS is free software; you can redistribute it and/or modify it
under the terms of the GNU Lesser General Public License
as published by the Free Software Foundation; either version 2.1
of the License, or (at your option) any later version.

GROMACS:      gmx rdf, VERSION 5.1.5
Executable:   /usr/local/gromacs5-1-5/bin/gmx
Data prefix:  /usr/local/gromacs5-1-5
Command line:
  gmx rdf -f OUT/p15-t296/3-md.trr -s OUT/p15-t296/3-md.tpr -n indexrdf.ndx -bin 0.001 -rmax 2.0 -o ../results/rdf-2-p15-t296.xvg


-------------------------------------------------------
Program:     gmx rdf, VERSION 5.1.5
Source file: src/gromacs/commandline/cmdlineparser.cpp (line 234)
Function:    void gmx::CommandLineParser::parse(int*, char**)

Error in user input:
Invalid command-line options
  In command-line option -f
    File 'OUT/p15-t296/3-md.trr' does not exist or is not accessible.
  In command-line option -s
    File 'OUT/p15-t296/3-md.tpr' does not exist or is not accessible.
  In command-line option -n
    File 'indexrdf.ndx' does not exist or is not accessible.

For more information and tips for troubleshooting, please check the GROMACS
website at http://www.gromacs.org/Documentation/Errors
-------------------------------------------------------
rm: cannot remove 'indexrdf.ndx': No such file or directory
rm: cannot remove '*.ndx*': No such file or directory
fatal: pathspec '../results/rdf-2-p15-t296.xvg' did not match any files
[dev 088982160] feat: add 2-p15-t296 radial distribution function
 2 files changed, 103 insertions(+)
 create mode 100644 logs/rdf-2-p15-t296.log
 create mode 100644 logs/sim-2-p15-t296.log
Auto packing the repository in background for optimum performance.
See "git help gc" for manual housekeeping.
error: cannot lock ref 'refs/remotes/origin/dev': ref 'refs/remotes/origin/dev' is at 44bd2e0c027c6f2680788c03f2d541f38e5570fb but expected e041df935e9f5e512180f40f3028a2d6f7a99702
error: failed to run reflog
[dev 64021ce5e] add commit head to log backlog
 3 files changed, 18 insertions(+)
 create mode 100644 logs/sim-2-p15-t302.log
To https://github.com/socd06/lennard-jones-sims.git
 ! [remote rejected]     dev -> dev (cannot lock ref 'refs/heads/dev': is at 64021ce5ebdb34223c30297e61474780d9d5e448 but expected 44bd2e0c027c6f2680788c03f2d541f38e5570fb)
error: failed to push some refs to 'https://github.com/socd06/lennard-jones-sims.git'
