Generating index groups
                 :-) GROMACS - gmx make_ndx, VERSION 5.1.5 (-:

                            GROMACS is written by:
     Emile Apol      Rossen Apostolov  Herman J.C. Berendsen    Par Bjelkmar   
 Aldert van Buuren   Rudi van Drunen     Anton Feenstra   Sebastian Fritsch 
  Gerrit Groenhof   Christoph Junghans   Anca Hamuraru    Vincent Hindriksen
 Dimitrios Karkoulis    Peter Kasson        Jiri Kraus      Carsten Kutzner  
    Per Larsson      Justin A. Lemkul   Magnus Lundborg   Pieter Meulenhoff 
   Erik Marklund      Teemu Murtola       Szilard Pall       Sander Pronk   
   Roland Schulz     Alexey Shvetsov     Michael Shirts     Alfons Sijbers  
   Peter Tieleman    Teemu Virolainen  Christian Wennberg    Maarten Wolf   
                           and the project leaders:
        Mark Abraham, Berk Hess, Erik Lindahl, and David van der Spoel

Copyright (c) 1991-2000, University of Groningen, The Netherlands.
Copyright (c) 2001-2015, The GROMACS development team at
Uppsala University, Stockholm University and
the Royal Institute of Technology, Sweden.
check out http://www.gromacs.org for more information.

GROMACS is free software; you can redistribute it and/or modify it
under the terms of the GNU Lesser General Public License
as published by the Free Software Foundation; either version 2.1
of the License, or (at your option) any later version.

GROMACS:      gmx make_ndx, VERSION 5.1.5
Executable:   /usr/local/gromacs5-1-5/bin/gmx
Data prefix:  /usr/local/gromacs5-1-5
Command line:
  gmx make_ndx -f OUT/p46-t344/3-md.tpr -o indexrdf.ndx

Reading file OUT/p46-t344/3-md.tpr, VERSION 5.1.5 (single precision)

Reading structure file
Reading file OUT/p46-t344/3-md.tpr, VERSION 5.1.5 (single precision)

gcq#250: "Wicky-wicky Wa-wild West" (Will Smith)

Going to read 0 old index file(s)
Analysing residue names:
There are:  4000      Other residues
Analysing residues not classified as Protein/DNA/RNA/Water and splitting into groups...

  0 System              :  4000 atoms
  1 Other               :  4000 atoms
  2 AR                  :  4000 atoms

 nr : group       !   'name' nr name   'splitch' nr    Enter: list groups
 'a': atom        &   'del' nr         'splitres' nr   'l': list residues
 't': atom type   |   'keep' nr        'splitat' nr    'h': help
 'r': residue         'res' nr         'chain' char
 "name": group        'case': case sensitive           'q': save and quit
 'ri': residue index

> 
Removed group 0 'System'
Removed group 1 'Other'

> 

  0 AR                  :  4000 atoms

 nr : group       !   'name' nr name   'splitch' nr    Enter: list groups
 'a': atom        &   'del' nr         'splitres' nr   'l': list residues
 't': atom type   |   'keep' nr        'splitat' nr    'h': help
 'r': residue         'res' nr         'chain' char
 "name": group        'case': case sensitive           'q': save and quit
 'ri': residue index

> 
calculating radial distribution function
                    :-) GROMACS - gmx rdf, VERSION 5.1.5 (-:

                            GROMACS is written by:
     Emile Apol      Rossen Apostolov  Herman J.C. Berendsen    Par Bjelkmar   
 Aldert van Buuren   Rudi van Drunen     Anton Feenstra   Sebastian Fritsch 
  Gerrit Groenhof   Christoph Junghans   Anca Hamuraru    Vincent Hindriksen
 Dimitrios Karkoulis    Peter Kasson        Jiri Kraus      Carsten Kutzner  
    Per Larsson      Justin A. Lemkul   Magnus Lundborg   Pieter Meulenhoff 
   Erik Marklund      Teemu Murtola       Szilard Pall       Sander Pronk   
   Roland Schulz     Alexey Shvetsov     Michael Shirts     Alfons Sijbers  
   Peter Tieleman    Teemu Virolainen  Christian Wennberg    Maarten Wolf   
                           and the project leaders:
        Mark Abraham, Berk Hess, Erik Lindahl, and David van der Spoel

Copyright (c) 1991-2000, University of Groningen, The Netherlands.
Copyright (c) 2001-2015, The GROMACS development team at
Uppsala University, Stockholm University and
the Royal Institute of Technology, Sweden.
check out http://www.gromacs.org for more information.

GROMACS is free software; you can redistribute it and/or modify it
under the terms of the GNU Lesser General Public License
as published by the Free Software Foundation; either version 2.1
of the License, or (at your option) any later version.

GROMACS:      gmx rdf, VERSION 5.1.5
Executable:   /usr/local/gromacs5-1-5/bin/gmx
Data prefix:  /usr/local/gromacs5-1-5
Command line:
  gmx rdf -f OUT/p46-t344/3-md.trr -s OUT/p46-t344/3-md.tpr -n indexrdf.ndx -bin 0.001 -rmax 2.0 -o ../results/rdf-2-p46-t344.xvg


-------------------------------------------------------
Program:     gmx rdf, VERSION 5.1.5
Source file: src/gromacs/commandline/cmdlineparser.cpp (line 234)
Function:    void gmx::CommandLineParser::parse(int*, char**)

Error in user input:
Invalid command-line options
  In command-line option -n
    File 'indexrdf.ndx' does not exist or is not accessible.

For more information and tips for troubleshooting, please check the GROMACS
website at http://www.gromacs.org/Documentation/Errors
-------------------------------------------------------
rm: cannot remove 'indexrdf.ndx': No such file or directory
rm: cannot remove '*.ndx.*': No such file or directory
Working in dev branch
fatal: Unable to create '/home/test/lennard-jones-sims/.git/index.lock': File exists.

Another git process seems to be running in this repository, e.g.
an editor opened by 'git commit'. Please make sure all processes
are terminated then try again. If it still fails, a git process
may have crashed in this repository earlier:
remove the file manually to continue.
fatal: Unable to create '/home/test/lennard-jones-sims/.git/index.lock': File exists.

Another git process seems to be running in this repository, e.g.
an editor opened by 'git commit'. Please make sure all processes
are terminated then try again. If it still fails, a git process
may have crashed in this repository earlier:
remove the file manually to continue.
fatal: Unable to create '/home/test/lennard-jones-sims/.git/index.lock': File exists.

Another git process seems to be running in this repository, e.g.
an editor opened by 'git commit'. Please make sure all processes
are terminated then try again. If it still fails, a git process
may have crashed in this repository earlier:
remove the file manually to continue.
fatal: Unable to create '/home/test/lennard-jones-sims/.git/index.lock': File exists.

Another git process seems to be running in this repository, e.g.
an editor opened by 'git commit'. Please make sure all processes
are terminated then try again. If it still fails, a git process
may have crashed in this repository earlier:
remove the file manually to continue.
