Generating index groups
                 :-) GROMACS - gmx make_ndx, VERSION 5.1.5 (-:

                            GROMACS is written by:
     Emile Apol      Rossen Apostolov  Herman J.C. Berendsen    Par Bjelkmar   
 Aldert van Buuren   Rudi van Drunen     Anton Feenstra   Sebastian Fritsch 
  Gerrit Groenhof   Christoph Junghans   Anca Hamuraru    Vincent Hindriksen
 Dimitrios Karkoulis    Peter Kasson        Jiri Kraus      Carsten Kutzner  
    Per Larsson      Justin A. Lemkul   Magnus Lundborg   Pieter Meulenhoff 
   Erik Marklund      Teemu Murtola       Szilard Pall       Sander Pronk   
   Roland Schulz     Alexey Shvetsov     Michael Shirts     Alfons Sijbers  
   Peter Tieleman    Teemu Virolainen  Christian Wennberg    Maarten Wolf   
                           and the project leaders:
        Mark Abraham, Berk Hess, Erik Lindahl, and David van der Spoel

Copyright (c) 1991-2000, University of Groningen, The Netherlands.
Copyright (c) 2001-2015, The GROMACS development team at
Uppsala University, Stockholm University and
the Royal Institute of Technology, Sweden.
check out http://www.gromacs.org for more information.

GROMACS is free software; you can redistribute it and/or modify it
under the terms of the GNU Lesser General Public License
as published by the Free Software Foundation; either version 2.1
of the License, or (at your option) any later version.

GROMACS:      gmx make_ndx, VERSION 5.1.5
Executable:   /usr/local/gromacs5-1-5/bin/gmx
Data prefix:  /usr/local/gromacs5-1-5
Command line:
  gmx make_ndx -f OUT/p66-t224/3-md.tpr -o indexrdf.ndx


-------------------------------------------------------
Program:     gmx make_ndx, VERSION 5.1.5
Source file: src/gromacs/commandline/cmdlineparser.cpp (line 234)
Function:    void gmx::CommandLineParser::parse(int*, char**)

Error in user input:
Invalid command-line options
  In command-line option -f
    File 'OUT/p66-t224/3-md.tpr' does not exist or is not accessible.

For more information and tips for troubleshooting, please check the GROMACS
website at http://www.gromacs.org/Documentation/Errors
-------------------------------------------------------
calculating radial distribution function
                    :-) GROMACS - gmx rdf, VERSION 5.1.5 (-:

                            GROMACS is written by:
     Emile Apol      Rossen Apostolov  Herman J.C. Berendsen    Par Bjelkmar   
 Aldert van Buuren   Rudi van Drunen     Anton Feenstra   Sebastian Fritsch 
  Gerrit Groenhof   Christoph Junghans   Anca Hamuraru    Vincent Hindriksen
 Dimitrios Karkoulis    Peter Kasson        Jiri Kraus      Carsten Kutzner  
    Per Larsson      Justin A. Lemkul   Magnus Lundborg   Pieter Meulenhoff 
   Erik Marklund      Teemu Murtola       Szilard Pall       Sander Pronk   
   Roland Schulz     Alexey Shvetsov     Michael Shirts     Alfons Sijbers  
   Peter Tieleman    Teemu Virolainen  Christian Wennberg    Maarten Wolf   
                           and the project leaders:
        Mark Abraham, Berk Hess, Erik Lindahl, and David van der Spoel

Copyright (c) 1991-2000, University of Groningen, The Netherlands.
Copyright (c) 2001-2015, The GROMACS development team at
Uppsala University, Stockholm University and
the Royal Institute of Technology, Sweden.
check out http://www.gromacs.org for more information.

GROMACS is free software; you can redistribute it and/or modify it
under the terms of the GNU Lesser General Public License
as published by the Free Software Foundation; either version 2.1
of the License, or (at your option) any later version.

GROMACS:      gmx rdf, VERSION 5.1.5
Executable:   /usr/local/gromacs5-1-5/bin/gmx
Data prefix:  /usr/local/gromacs5-1-5
Command line:
  gmx rdf -f OUT/p66-t224/3-md.trr -s OUT/p66-t224/3-md.tpr -n indexrdf.ndx -bin 0.001 -rmax 2.0 -o ../results/rdf-3-p66-t224.xvg


-------------------------------------------------------
Program:     gmx rdf, VERSION 5.1.5
Source file: src/gromacs/commandline/cmdlineparser.cpp (line 234)
Function:    void gmx::CommandLineParser::parse(int*, char**)

Error in user input:
Invalid command-line options
  In command-line option -f
    File 'OUT/p66-t224/3-md.trr' does not exist or is not accessible.
  In command-line option -s
    File 'OUT/p66-t224/3-md.tpr' does not exist or is not accessible.
  In command-line option -n
    File 'indexrdf.ndx' does not exist or is not accessible.

For more information and tips for troubleshooting, please check the GROMACS
website at http://www.gromacs.org/Documentation/Errors
-------------------------------------------------------
rm: cannot remove 'indexrdf.ndx': No such file or directory
rm: cannot remove '*.ndx*': No such file or directory
fatal: Unable to create '/home/test/lennard-jones-sims/.git/index.lock': File exists.

Another git process seems to be running in this repository, e.g.
an editor opened by 'git commit'. Please make sure all processes
are terminated then try again. If it still fails, a git process
may have crashed in this repository earlier:
remove the file manually to continue.
fatal: Unable to create '/home/test/lennard-jones-sims/.git/index.lock': File exists.

Another git process seems to be running in this repository, e.g.
an editor opened by 'git commit'. Please make sure all processes
are terminated then try again. If it still fails, a git process
may have crashed in this repository earlier:
remove the file manually to continue.
fatal: Unable to create '/home/test/lennard-jones-sims/.git/index.lock': File exists.

Another git process seems to be running in this repository, e.g.
an editor opened by 'git commit'. Please make sure all processes
are terminated then try again. If it still fails, a git process
may have crashed in this repository earlier:
remove the file manually to continue.
fatal: Unable to create '/home/test/lennard-jones-sims/.git/index.lock': File exists.

Another git process seems to be running in this repository, e.g.
an editor opened by 'git commit'. Please make sure all processes
are terminated then try again. If it still fails, a git process
may have crashed in this repository earlier:
remove the file manually to continue.
fatal: Unable to create '/home/test/lennard-jones-sims/.git/index.lock': File exists.

Another git process seems to be running in this repository, e.g.
an editor opened by 'git commit'. Please make sure all processes
are terminated then try again. If it still fails, a git process
may have crashed in this repository earlier:
remove the file manually to continue.
On branch dev
Changes not staged for commit:
	modified:   MDP/0_md.mdp
	modified:   MDP/0_npt.mdp
	modified:   MDP/0_nvt.mdp
	modified:   mdout.mdp
	modified:   ../logs/rdf-3-p49-t740.log
	modified:   ../logs/rdf-3-p49-t746.log
	modified:   ../logs/rdf-3-p49-t752.log
	modified:   ../logs/rdf-3-p49-t758.log
	modified:   ../logs/rdf-3-p49-t764.log
	modified:   ../logs/rdf-3-p49-t770.log
	modified:   ../logs/rdf-3-p49-t776.log
	modified:   ../logs/rdf-3-p49-t782.log
	modified:   ../logs/rdf-3-p49-t788.log
	modified:   ../logs/rdf-3-p49-t794.log
	modified:   ../logs/rdf-3-p49-t800.log
	modified:   ../logs/rdf-3-p50-t200.log
	modified:   ../logs/rdf-3-p50-t206.log
	modified:   ../logs/rdf-3-p50-t212.log
	modified:   ../logs/rdf-3-p50-t218.log
	modified:   ../logs/rdf-3-p50-t224.log
	modified:   ../logs/rdf-3-p50-t230.log
	modified:   ../logs/rdf-3-p50-t236.log
	modified:   ../logs/rdf-3-p50-t242.log
	modified:   ../logs/rdf-3-p50-t248.log
	modified:   ../logs/rdf-3-p50-t254.log
	modified:   ../logs/rdf-3-p50-t260.log
	modified:   ../logs/rdf-3-p50-t266.log
	modified:   ../logs/rdf-3-p50-t272.log
	modified:   ../logs/rdf-3-p50-t278.log
	modified:   ../logs/rdf-3-p50-t284.log
	modified:   ../logs/rdf-3-p50-t290.log
	modified:   ../logs/rdf-3-p66-t200.log
	modified:   ../logs/rdf-3-p66-t212.log

Untracked files:
	../2-ar/input
	input
	../input
	../logs/rdf-3-p66-t218.log
	../logs/rdf-3-p66-t224.log
	../logs/sim-3-p66-t218.log
	../logs/sim-3-p66-t224.log
	../logs/sim-3-p66-t230.log
	../results/rdf-3-p1-t326.xvg

no changes added to commit
