Generating index groups
                     :-) GROMACS - gmx make_ndx, 2020.3 (-:

                            GROMACS is written by:
     Emile Apol      Rossen Apostolov      Paul Bauer     Herman J.C. Berendsen
    Par Bjelkmar      Christian Blau   Viacheslav Bolnykh     Kevin Boyd    
 Aldert van Buuren   Rudi van Drunen     Anton Feenstra       Alan Gray     
  Gerrit Groenhof     Anca Hamuraru    Vincent Hindriksen  M. Eric Irrgang  
  Aleksei Iupinov   Christoph Junghans     Joe Jordan     Dimitrios Karkoulis
    Peter Kasson        Jiri Kraus      Carsten Kutzner      Per Larsson    
  Justin A. Lemkul    Viveca Lindahl    Magnus Lundborg     Erik Marklund   
    Pascal Merz     Pieter Meulenhoff    Teemu Murtola       Szilard Pall   
    Sander Pronk      Roland Schulz      Michael Shirts    Alexey Shvetsov  
   Alfons Sijbers     Peter Tieleman      Jon Vincent      Teemu Virolainen 
 Christian Wennberg    Maarten Wolf      Artem Zhmurov   
                           and the project leaders:
        Mark Abraham, Berk Hess, Erik Lindahl, and David van der Spoel

Copyright (c) 1991-2000, University of Groningen, The Netherlands.
Copyright (c) 2001-2019, The GROMACS development team at
Uppsala University, Stockholm University and
the Royal Institute of Technology, Sweden.
check out http://www.gromacs.org for more information.

GROMACS is free software; you can redistribute it and/or modify it
under the terms of the GNU Lesser General Public License
as published by the Free Software Foundation; either version 2.1
of the License, or (at your option) any later version.

GROMACS:      gmx make_ndx, version 2020.3
Executable:   /opt/gromacs/gromacs-2020.3-GPU/bin/gmx
Data prefix:  /opt/gromacs/gromacs-2020.3-GPU
Working dir:  /home/adreyesf/lennard-jones-sims/3-kr
Command line:
  gmx make_ndx -f OUT/p14-t500/3-md.tpr -o indexrdf.ndx


Reading structure file
Reading file OUT/p14-t500/3-md.tpr, VERSION 2020.3 (single precision)
Reading file OUT/p14-t500/3-md.tpr, VERSION 2020.3 (single precision)

Back Off! I just backed up indexrdf.ndx to ./#indexrdf.ndx.1#

GROMACS reminds you: "It seems likely that significant software contributions to existing scientific software projects are not likely to be rewarded through the traditional reputation economy of science. Together these factors provide a reason to expect the over-production of independent scientific software packages, and the underproduction of collaborative projects in which later academics build on the work of earlier ones." (Howison & Herbsleb)

Going to read 0 old index file(s)
Analysing residue names:
There are:  4000      Other residues
Analysing residues not classified as Protein/DNA/RNA/Water and splitting into groups...

  0 System              :  4000 atoms
  1 Other               :  4000 atoms
  2 KR                  :  4000 atoms

 nr : group      '!': not  'name' nr name   'splitch' nr    Enter: list groups
 'a': atom       '&': and  'del' nr         'splitres' nr   'l': list residues
 't': atom type  '|': or   'keep' nr        'splitat' nr    'h': help
 'r': residue              'res' nr         'chain' char
 "name": group             'case': case sensitive           'q': save and quit
 'ri': residue index

> 
Removed group 0 'System'
Removed group 1 'Other'

> 

  0 KR                  :  4000 atoms

 nr : group      '!': not  'name' nr name   'splitch' nr    Enter: list groups
 'a': atom       '&': and  'del' nr         'splitres' nr   'l': list residues
 't': atom type  '|': or   'keep' nr        'splitat' nr    'h': help
 'r': residue              'res' nr         'chain' char
 "name": group             'case': case sensitive           'q': save and quit
 'ri': residue index

> 
calculating radial distribution function
                       :-) GROMACS - gmx rdf, 2020.3 (-:

                            GROMACS is written by:
     Emile Apol      Rossen Apostolov      Paul Bauer     Herman J.C. Berendsen
    Par Bjelkmar      Christian Blau   Viacheslav Bolnykh     Kevin Boyd    
 Aldert van Buuren   Rudi van Drunen     Anton Feenstra       Alan Gray     
  Gerrit Groenhof     Anca Hamuraru    Vincent Hindriksen  M. Eric Irrgang  
  Aleksei Iupinov   Christoph Junghans     Joe Jordan     Dimitrios Karkoulis
    Peter Kasson        Jiri Kraus      Carsten Kutzner      Per Larsson    
  Justin A. Lemkul    Viveca Lindahl    Magnus Lundborg     Erik Marklund   
    Pascal Merz     Pieter Meulenhoff    Teemu Murtola       Szilard Pall   
    Sander Pronk      Roland Schulz      Michael Shirts    Alexey Shvetsov  
   Alfons Sijbers     Peter Tieleman      Jon Vincent      Teemu Virolainen 
 Christian Wennberg    Maarten Wolf      Artem Zhmurov   
                           and the project leaders:
        Mark Abraham, Berk Hess, Erik Lindahl, and David van der Spoel

Copyright (c) 1991-2000, University of Groningen, The Netherlands.
Copyright (c) 2001-2019, The GROMACS development team at
Uppsala University, Stockholm University and
the Royal Institute of Technology, Sweden.
check out http://www.gromacs.org for more information.

GROMACS is free software; you can redistribute it and/or modify it
under the terms of the GNU Lesser General Public License
as published by the Free Software Foundation; either version 2.1
of the License, or (at your option) any later version.

GROMACS:      gmx rdf, version 2020.3
Executable:   /opt/gromacs/gromacs-2020.3-GPU/bin/gmx
Data prefix:  /opt/gromacs/gromacs-2020.3-GPU
Working dir:  /home/adreyesf/lennard-jones-sims/3-kr
Command line:
  gmx rdf -f OUT/p14-t500/3-md.trr -s OUT/p14-t500/3-md.tpr -n indexrdf.ndx -bin 0.001 -rmax 2.0 -o ../results/rdf-3-p14-t500.xvg


-------------------------------------------------------
Program:     gmx rdf, version 2020.3
Source file: src/gromacs/commandline/cmdlineparser.cpp (line 275)
Function:    void gmx::CommandLineParser::parse(int*, char**)

Error in user input:
Invalid command-line options
  In command-line option -n
    File 'indexrdf.ndx' does not exist or is not accessible.
    The file could not be opened.
      Reason: No such file or directory
      (call to fopen() returned error code 2)

For more information and tips for troubleshooting, please check the GROMACS
website at http://www.gromacs.org/Documentation/Errors
-------------------------------------------------------
rm: cannot remove 'indexrdf.ndx': No such file or directory
rm: cannot remove '*.ndx.*': No such file or directory
rm: cannot remove '*.mdp.*': No such file or directory
fatal: pathspec '../results/rdf-3-p14-t500.xvg' did not match any files
