Generating index groups
                     :-) GROMACS - gmx make_ndx, 2016.3 (-:

                            GROMACS is written by:
     Emile Apol      Rossen Apostolov  Herman J.C. Berendsen    Par Bjelkmar   
 Aldert van Buuren   Rudi van Drunen     Anton Feenstra    Gerrit Groenhof  
 Christoph Junghans   Anca Hamuraru    Vincent Hindriksen Dimitrios Karkoulis
    Peter Kasson        Jiri Kraus      Carsten Kutzner      Per Larsson    
  Justin A. Lemkul   Magnus Lundborg   Pieter Meulenhoff    Erik Marklund   
   Teemu Murtola       Szilard Pall       Sander Pronk      Roland Schulz   
  Alexey Shvetsov     Michael Shirts     Alfons Sijbers     Peter Tieleman  
  Teemu Virolainen  Christian Wennberg    Maarten Wolf   
                           and the project leaders:
        Mark Abraham, Berk Hess, Erik Lindahl, and David van der Spoel

Copyright (c) 1991-2000, University of Groningen, The Netherlands.
Copyright (c) 2001-2017, The GROMACS development team at
Uppsala University, Stockholm University and
the Royal Institute of Technology, Sweden.
check out http://www.gromacs.org for more information.

GROMACS is free software; you can redistribute it and/or modify it
under the terms of the GNU Lesser General Public License
as published by the Free Software Foundation; either version 2.1
of the License, or (at your option) any later version.

GROMACS:      gmx make_ndx, version 2016.3
Executable:   /usr/local/gromacs/bin/gmx
Data prefix:  /usr/local/gromacs
Working dir:  /home/test/git/lennard-jones-sims/1-ne
Command line:
  gmx make_ndx -f OUT/p5-t554/3-md.tpr -o indexrdf.ndx


-------------------------------------------------------
Program:     gmx make_ndx, version 2016.3
Source file: src/gromacs/commandline/cmdlineparser.cpp (line 235)
Function:    void gmx::CommandLineParser::parse(int*, char**)

Error in user input:
Invalid command-line options
  In command-line option -f
    File 'OUT/p5-t554/3-md.tpr' does not exist or is not accessible.
    The file could not be opened.
      Reason: No such file or directory
      (call to fopen() returned error code 2)

For more information and tips for troubleshooting, please check the GROMACS
website at http://www.gromacs.org/Documentation/Errors
-------------------------------------------------------
calculating radial distribution function
                       :-) GROMACS - gmx rdf, 2016.3 (-:

                            GROMACS is written by:
     Emile Apol      Rossen Apostolov  Herman J.C. Berendsen    Par Bjelkmar   
 Aldert van Buuren   Rudi van Drunen     Anton Feenstra    Gerrit Groenhof  
 Christoph Junghans   Anca Hamuraru    Vincent Hindriksen Dimitrios Karkoulis
    Peter Kasson        Jiri Kraus      Carsten Kutzner      Per Larsson    
  Justin A. Lemkul   Magnus Lundborg   Pieter Meulenhoff    Erik Marklund   
   Teemu Murtola       Szilard Pall       Sander Pronk      Roland Schulz   
  Alexey Shvetsov     Michael Shirts     Alfons Sijbers     Peter Tieleman  
  Teemu Virolainen  Christian Wennberg    Maarten Wolf   
                           and the project leaders:
        Mark Abraham, Berk Hess, Erik Lindahl, and David van der Spoel

Copyright (c) 1991-2000, University of Groningen, The Netherlands.
Copyright (c) 2001-2017, The GROMACS development team at
Uppsala University, Stockholm University and
the Royal Institute of Technology, Sweden.
check out http://www.gromacs.org for more information.

GROMACS is free software; you can redistribute it and/or modify it
under the terms of the GNU Lesser General Public License
as published by the Free Software Foundation; either version 2.1
of the License, or (at your option) any later version.

GROMACS:      gmx rdf, version 2016.3
Executable:   /usr/local/gromacs/bin/gmx
Data prefix:  /usr/local/gromacs
Working dir:  /home/test/git/lennard-jones-sims/1-ne
Command line:
  gmx rdf -f OUT/p5-t554/3-md.trr -s OUT/p5-t554/3-md.tpr -n indexrdf.ndx -bin 0.001 -rmax 2.0 -o ../results/rdf-1-p5-t554.xvg


-------------------------------------------------------
Program:     gmx rdf, version 2016.3
Source file: src/gromacs/commandline/cmdlineparser.cpp (line 235)
Function:    void gmx::CommandLineParser::parse(int*, char**)

Error in user input:
Invalid command-line options
  In command-line option -f
    File 'OUT/p5-t554/3-md.trr' does not exist or is not accessible.
    The file could not be opened.
      Reason: No such file or directory
      (call to fopen() returned error code 2)
  In command-line option -s
    File 'OUT/p5-t554/3-md.tpr' does not exist or is not accessible.
    The file could not be opened.
      Reason: No such file or directory
      (call to fopen() returned error code 2)
  In command-line option -n
    File 'indexrdf.ndx' does not exist or is not accessible.
    The file could not be opened.
      Reason: No such file or directory
      (call to fopen() returned error code 2)

For more information and tips for troubleshooting, please check the GROMACS
website at http://www.gromacs.org/Documentation/Errors
-------------------------------------------------------
rm: cannot remove `indexrdf.ndx': No such file or directory
rm: cannot remove `*.ndx*': No such file or directory
fatal: pathspec 'results/rdf-1-p5-t554.xvg' did not match any files
[beo d32be66] feat: add 1-p5-t554 radial distribution function
 Committer: root <root@localhost.localdomain>
Your name and email address were configured automatically based
on your username and hostname. Please check that they are accurate.
You can suppress this message by setting them explicitly:

    git config --global user.name "Your Name"
    git config --global user.email you@example.com

After doing this, you may fix the identity used for this commit with:

    git commit --amend --reset-author

 2 files changed, 115 insertions(+)
 create mode 100644 logs/rdf-1-p5-t554.log
[beo a7329fc] add commit head to log backlog
 Committer: root <root@localhost.localdomain>
Your name and email address were configured automatically based
on your username and hostname. Please check that they are accurate.
You can suppress this message by setting them explicitly:

    git config --global user.name "Your Name"
    git config --global user.email you@example.com

After doing this, you may fix the identity used for this commit with:

    git commit --amend --reset-author

 3 files changed, 32 insertions(+)
 create mode 100644 logs/sim-1-p5-t560.log
To https://github.com/socd06/lennard-jones-sims.git
 ! [remote rejected] beo -> beo (cannot lock ref 'refs/heads/beo': is at dd7e2798249516b15f77753d49d2b8abb3472e8d but expected 778f59c38eab4521694e65cf6d60627760af8c8e)
error: failed to push some refs to 'https://github.com/socd06/lennard-jones-sims.git'
